  [1m[35m (4.1ms)[0m  [1m[34mSELECT sqlite_version(*)[0m
  [1m[35m (1.4ms)[0m  [1m[35mCREATE TABLE "schema_migrations" ("version" varchar NOT NULL PRIMARY KEY)[0m
  [1m[35m (1.9ms)[0m  [1m[35mCREATE TABLE "ar_internal_metadata" ("key" varchar NOT NULL PRIMARY KEY, "value" varchar, "created_at" datetime(6) NOT NULL, "updated_at" datetime(6) NOT NULL)[0m
  [1m[36mActiveRecord::InternalMetadata Load (0.3ms)[0m  [1m[34mSELECT "ar_internal_metadata".* FROM "ar_internal_metadata" WHERE "ar_internal_metadata"."key" = ? LIMIT ?[0m  [["key", "environment"], ["LIMIT", 1]]
  [1m[35m (0.1ms)[0m  [1m[36mbegin transaction[0m
  [1m[36mActiveRecord::InternalMetadata Create (0.5ms)[0m  [1m[32mINSERT INTO "ar_internal_metadata" ("key", "value", "created_at", "updated_at") VALUES (?, ?, ?, ?)[0m  [["key", "environment"], ["value", "development"], ["created_at", "2019-12-02 11:40:01.948700"], ["updated_at", "2019-12-02 11:40:01.948700"]]
  [1m[35m (0.8ms)[0m  [1m[36mcommit transaction[0m
  [1m[35m (0.1ms)[0m  [1m[34mSELECT sqlite_version(*)[0m
  [1m[35m (0.2ms)[0m  [1m[34mSELECT "schema_migrations"."version" FROM "schema_migrations" ORDER BY "schema_migrations"."version" ASC[0m
  [1m[35m (0.4ms)[0m  [1m[34mSELECT sqlite_version(*)[0m
  [1m[35m (0.2ms)[0m  [1m[34mSELECT "schema_migrations"."version" FROM "schema_migrations" ORDER BY "schema_migrations"."version" ASC[0m
Migrating to CreateMicroposts (20191202114049)
  [1m[35m (0.1ms)[0m  [1m[36mbegin transaction[0m
  [1m[35m (0.6ms)[0m  [1m[35mCREATE TABLE "microposts" ("id" integer PRIMARY KEY AUTOINCREMENT NOT NULL, "content" text, "user_id" integer, "created_at" datetime(6) NOT NULL, "updated_at" datetime(6) NOT NULL)[0m
  [1m[36mprimary::SchemaMigration Create (0.4ms)[0m  [1m[32mINSERT INTO "schema_migrations" ("version") VALUES (?)[0m  [["version", "20191202114049"]]
  [1m[35m (1.0ms)[0m  [1m[36mcommit transaction[0m
  [1m[36mActiveRecord::InternalMetadata Load (0.2ms)[0m  [1m[34mSELECT "ar_internal_metadata".* FROM "ar_internal_metadata" WHERE "ar_internal_metadata"."key" = ? LIMIT ?[0m  [["key", "environment"], ["LIMIT", 1]]
  [1m[35m (0.1ms)[0m  [1m[34mSELECT sqlite_version(*)[0m
  [1m[35m (0.1ms)[0m  [1m[34mSELECT "schema_migrations"."version" FROM "schema_migrations" ORDER BY "schema_migrations"."version" ASC[0m
  [1m[35m (1.0ms)[0m  [1m[34mSELECT sqlite_version(*)[0m
  [1m[35m (0.4ms)[0m  [1m[34mSELECT "schema_migrations"."version" FROM "schema_migrations" ORDER BY "schema_migrations"."version" ASC[0m
Migrating to CreateUsers (20191202114245)
  [1m[35m (0.1ms)[0m  [1m[36mbegin transaction[0m
  [1m[35m (0.9ms)[0m  [1m[35mCREATE TABLE "users" ("id" integer PRIMARY KEY AUTOINCREMENT NOT NULL, "name" varchar, "email" varchar, "created_at" datetime(6) NOT NULL, "updated_at" datetime(6) NOT NULL)[0m
  [1m[36mprimary::SchemaMigration Create (0.6ms)[0m  [1m[32mINSERT INTO "schema_migrations" ("version") VALUES (?)[0m  [["version", "20191202114245"]]
  [1m[35m (10.9ms)[0m  [1m[36mcommit transaction[0m
  [1m[36mActiveRecord::InternalMetadata Load (0.3ms)[0m  [1m[34mSELECT "ar_internal_metadata".* FROM "ar_internal_metadata" WHERE "ar_internal_metadata"."key" = ? LIMIT ?[0m  [["key", "environment"], ["LIMIT", 1]]
  [1m[35m (0.1ms)[0m  [1m[34mSELECT sqlite_version(*)[0m
  [1m[35m (0.3ms)[0m  [1m[34mSELECT "schema_migrations"."version" FROM "schema_migrations" ORDER BY "schema_migrations"."version" ASC[0m
Started GET "/users" for ::1 at 2019-12-02 14:46:00 +0300
  [1m[35m (0.5ms)[0m  [1m[34mSELECT sqlite_version(*)[0m
  [1m[35m (0.2ms)[0m  [1m[34mSELECT "schema_migrations"."version" FROM "schema_migrations" ORDER BY "schema_migrations"."version" ASC[0m
Processing by UsersController#index as HTML
  Rendering users/index.html.erb within layouts/application
  [1m[36mUser Load (0.3ms)[0m  [1m[34mSELECT "users".* FROM "users"[0m
  ↳ app/views/users/index.html.erb:15
  Rendered users/index.html.erb within layouts/application (Duration: 5.0ms | Allocations: 1564)
[Webpacker] Compiling...
[Webpacker] Compiled all packs in /Users/ws-067-72b/Documents/projects/rails_appa/toy_app/public/packs
[Webpacker] Hash: 53154d7baad00c6a1252
Version: webpack 4.41.2
Time: 1623ms
Built at: 12/02/2019 2:46:04 PM
                                     Asset       Size       Chunks                         Chunk Names
    js/application-0b67a3cc2fcde6055024.js    124 KiB  application  [emitted] [immutable]  application
js/application-0b67a3cc2fcde6055024.js.map    139 KiB  application  [emitted] [dev]        application
                             manifest.json  364 bytes               [emitted]              
Entrypoint application = js/application-0b67a3cc2fcde6055024.js js/application-0b67a3cc2fcde6055024.js.map
[./app/javascript/channels sync recursive _channel\.js$] ./app/javascript/channels sync _channel\.js$ 160 bytes {application} [built]
[./app/javascript/channels/index.js] 211 bytes {application} [built]
[./app/javascript/packs/application.js] 749 bytes {application} [built]
[./node_modules/webpack/buildin/module.js] (webpack)/buildin/module.js 552 bytes {application} [built]
    + 3 hidden modules

Completed 200 OK in 3295ms (Views: 3274.2ms | ActiveRecord: 0.6ms | Allocations: 32806)


Started GET "/users/new" for ::1 at 2019-12-02 14:46:06 +0300
Processing by UsersController#new as HTML
  Rendering users/new.html.erb within layouts/application
  Rendered users/_form.html.erb (Duration: 15.5ms | Allocations: 5104)
  Rendered users/new.html.erb within layouts/application (Duration: 17.3ms | Allocations: 5457)
[Webpacker] Everything's up-to-date. Nothing to do
Completed 200 OK in 37ms (Views: 24.9ms | ActiveRecord: 0.7ms | Allocations: 12637)


Started POST "/users" for ::1 at 2019-12-02 14:46:11 +0300
Processing by UsersController#create as HTML
  Parameters: {"authenticity_token"=>"hVDvPQm5XdBqbg5Hd+F6Ie4a6RGuXmkipwtCf3Uz2lN2OGClUvHx3ceDF2aZSDJ2MAGLGM5m4VR2eGXJn0dLmQ==", "user"=>{"name"=>"John Smith", "email"=>"doctorwho@timelord.co"}, "commit"=>"Create User"}
  [1m[35m (0.1ms)[0m  [1m[36mbegin transaction[0m
  ↳ app/controllers/users_controller.rb:30:in `block in create'
  [1m[36mUser Create (0.8ms)[0m  [1m[32mINSERT INTO "users" ("name", "email", "created_at", "updated_at") VALUES (?, ?, ?, ?)[0m  [["name", "John Smith"], ["email", "doctorwho@timelord.co"], ["created_at", "2019-12-02 11:46:11.287840"], ["updated_at", "2019-12-02 11:46:11.287840"]]
  ↳ app/controllers/users_controller.rb:30:in `block in create'
  [1m[35m (1.1ms)[0m  [1m[36mcommit transaction[0m
  ↳ app/controllers/users_controller.rb:30:in `block in create'
Redirected to http://localhost:3000/users/1
Completed 302 Found in 10ms (ActiveRecord: 1.9ms | Allocations: 2899)


Started GET "/users/1" for ::1 at 2019-12-02 14:46:11 +0300
Processing by UsersController#show as HTML
  Parameters: {"id"=>"1"}
  [1m[36mUser Load (0.3ms)[0m  [1m[34mSELECT "users".* FROM "users" WHERE "users"."id" = ? LIMIT ?[0m  [["id", 1], ["LIMIT", 1]]
  ↳ app/controllers/users_controller.rb:67:in `set_user'
  Rendering users/show.html.erb within layouts/application
  Rendered users/show.html.erb within layouts/application (Duration: 1.2ms | Allocations: 280)
[Webpacker] Everything's up-to-date. Nothing to do
Completed 200 OK in 37ms (Views: 33.0ms | ActiveRecord: 0.3ms | Allocations: 5341)


Started GET "/users" for ::1 at 2019-12-02 14:46:12 +0300
Processing by UsersController#index as HTML
  Rendering users/index.html.erb within layouts/application
  [1m[36mUser Load (0.2ms)[0m  [1m[34mSELECT "users".* FROM "users"[0m
  ↳ app/views/users/index.html.erb:15
  Rendered users/index.html.erb within layouts/application (Duration: 2.6ms | Allocations: 756)
[Webpacker] Everything's up-to-date. Nothing to do
Completed 200 OK in 18ms (Views: 16.6ms | ActiveRecord: 0.2ms | Allocations: 4735)


Started GET "/microposts" for ::1 at 2019-12-02 14:46:22 +0300
Processing by MicropostsController#index as HTML
  Rendering microposts/index.html.erb within layouts/application
  [1m[36mMicropost Load (0.3ms)[0m  [1m[34mSELECT "microposts".* FROM "microposts"[0m
  ↳ app/views/microposts/index.html.erb:15
  Rendered microposts/index.html.erb within layouts/application (Duration: 4.3ms | Allocations: 1197)
[Webpacker] Everything's up-to-date. Nothing to do
Completed 200 OK in 26ms (Views: 16.0ms | ActiveRecord: 0.9ms | Allocations: 7042)


Started GET "/microposts/new" for ::1 at 2019-12-02 14:46:23 +0300
Processing by MicropostsController#new as HTML
  Rendering microposts/new.html.erb within layouts/application
  Rendered microposts/_form.html.erb (Duration: 12.0ms | Allocations: 3979)
  Rendered microposts/new.html.erb within layouts/application (Duration: 13.5ms | Allocations: 4321)
[Webpacker] Everything's up-to-date. Nothing to do
Completed 200 OK in 32ms (Views: 22.4ms | ActiveRecord: 0.4ms | Allocations: 11203)


Started POST "/microposts" for ::1 at 2019-12-02 14:46:38 +0300
Processing by MicropostsController#create as HTML
  Parameters: {"authenticity_token"=>"fRcFC9qXwHITpWIEm+rUgDUJLNaJpWxWqBl+SJR88U4paw92vIPTTeC/vavUhkV0AtMez3+a0mnTTNVGEbipHw==", "micropost"=>{"content"=>"The falling Galifray", "user_id"=>"1"}, "commit"=>"Create Micropost"}
  [1m[35m (0.1ms)[0m  [1m[36mbegin transaction[0m
  ↳ app/controllers/microposts_controller.rb:30:in `block in create'
  [1m[36mUser Load (0.2ms)[0m  [1m[34mSELECT "users".* FROM "users" WHERE "users"."id" = ? LIMIT ?[0m  [["id", 1], ["LIMIT", 1]]
  ↳ app/controllers/microposts_controller.rb:30:in `block in create'
  [1m[36mMicropost Create (0.5ms)[0m  [1m[32mINSERT INTO "microposts" ("content", "user_id", "created_at", "updated_at") VALUES (?, ?, ?, ?)[0m  [["content", "The falling Galifray"], ["user_id", 1], ["created_at", "2019-12-02 11:46:38.188887"], ["updated_at", "2019-12-02 11:46:38.188887"]]
  ↳ app/controllers/microposts_controller.rb:30:in `block in create'
  [1m[35m (0.9ms)[0m  [1m[36mcommit transaction[0m
  ↳ app/controllers/microposts_controller.rb:30:in `block in create'
Redirected to http://localhost:3000/microposts/1
Completed 302 Found in 23ms (ActiveRecord: 1.7ms | Allocations: 7225)


Started GET "/microposts/1" for ::1 at 2019-12-02 14:46:38 +0300
Processing by MicropostsController#show as HTML
  Parameters: {"id"=>"1"}
  [1m[36mMicropost Load (0.2ms)[0m  [1m[34mSELECT "microposts".* FROM "microposts" WHERE "microposts"."id" = ? LIMIT ?[0m  [["id", 1], ["LIMIT", 1]]
  ↳ app/controllers/microposts_controller.rb:67:in `set_micropost'
  Rendering microposts/show.html.erb within layouts/application
  Rendered microposts/show.html.erb within layouts/application (Duration: 0.9ms | Allocations: 277)
[Webpacker] Everything's up-to-date. Nothing to do
Completed 200 OK in 14ms (Views: 11.5ms | ActiveRecord: 0.2ms | Allocations: 5020)


Started GET "/microposts" for ::1 at 2019-12-02 14:46:40 +0300
Processing by MicropostsController#index as HTML
  Rendering microposts/index.html.erb within layouts/application
  [1m[36mMicropost Load (0.2ms)[0m  [1m[34mSELECT "microposts".* FROM "microposts"[0m
  ↳ app/views/microposts/index.html.erb:15
  Rendered microposts/index.html.erb within layouts/application (Duration: 2.7ms | Allocations: 743)
[Webpacker] Everything's up-to-date. Nothing to do
Completed 200 OK in 15ms (Views: 13.9ms | ActiveRecord: 0.2ms | Allocations: 4710)


  [1m[35m (0.4ms)[0m  [1m[34mSELECT sqlite_version(*)[0m
  [1m[36mUser Load (0.1ms)[0m  [1m[34mSELECT "users".* FROM "users" ORDER BY "users"."id" ASC LIMIT ?[0m  [["LIMIT", 1]]
  [1m[36mMicropost Load (0.2ms)[0m  [1m[34mSELECT "microposts".* FROM "microposts" WHERE "microposts"."user_id" = ? LIMIT ?[0m  [["user_id", 1], ["LIMIT", 11]]
Started GET "/user/1" for ::1 at 2019-12-02 14:48:28 +0300
  [1m[35m (0.4ms)[0m  [1m[34mSELECT sqlite_version(*)[0m
  [1m[35m (0.1ms)[0m  [1m[34mSELECT "schema_migrations"."version" FROM "schema_migrations" ORDER BY "schema_migrations"."version" ASC[0m
  
ActionController::RoutingError (No route matches [GET] "/user/1"):
  
actionpack (6.0.1) lib/action_dispatch/middleware/debug_exceptions.rb:36:in `call'
web-console (4.0.1) lib/web_console/middleware.rb:132:in `call_app'
web-console (4.0.1) lib/web_console/middleware.rb:28:in `block in call'
web-console (4.0.1) lib/web_console/middleware.rb:17:in `catch'
web-console (4.0.1) lib/web_console/middleware.rb:17:in `call'
actionpack (6.0.1) lib/action_dispatch/middleware/show_exceptions.rb:33:in `call'
railties (6.0.1) lib/rails/rack/logger.rb:38:in `call_app'
railties (6.0.1) lib/rails/rack/logger.rb:26:in `block in call'
activesupport (6.0.1) lib/active_support/tagged_logging.rb:80:in `block in tagged'
activesupport (6.0.1) lib/active_support/tagged_logging.rb:28:in `tagged'
activesupport (6.0.1) lib/active_support/tagged_logging.rb:80:in `tagged'
railties (6.0.1) lib/rails/rack/logger.rb:26:in `call'
sprockets-rails (3.2.1) lib/sprockets/rails/quiet_assets.rb:13:in `call'
actionpack (6.0.1) lib/action_dispatch/middleware/remote_ip.rb:81:in `call'
actionpack (6.0.1) lib/action_dispatch/middleware/request_id.rb:27:in `call'
rack (2.0.7) lib/rack/method_override.rb:22:in `call'
rack (2.0.7) lib/rack/runtime.rb:22:in `call'
activesupport (6.0.1) lib/active_support/cache/strategy/local_cache_middleware.rb:29:in `call'
actionpack (6.0.1) lib/action_dispatch/middleware/executor.rb:14:in `call'
actionpack (6.0.1) lib/action_dispatch/middleware/static.rb:126:in `call'
rack (2.0.7) lib/rack/sendfile.rb:111:in `call'
actionpack (6.0.1) lib/action_dispatch/middleware/host_authorization.rb:83:in `call'
webpacker (4.2.0) lib/webpacker/dev_server_proxy.rb:23:in `perform_request'
rack-proxy (0.6.5) lib/rack/proxy.rb:57:in `call'
railties (6.0.1) lib/rails/engine.rb:526:in `call'
puma (4.3.0) lib/puma/configuration.rb:228:in `call'
puma (4.3.0) lib/puma/server.rb:667:in `handle_request'
puma (4.3.0) lib/puma/server.rb:470:in `process_client'
puma (4.3.0) lib/puma/server.rb:328:in `block in run'
puma (4.3.0) lib/puma/thread_pool.rb:134:in `block in spawn_thread'
Started GET "/users/1" for ::1 at 2019-12-02 14:48:35 +0300
Processing by UsersController#show as HTML
  Parameters: {"id"=>"1"}
  [1m[36mUser Load (0.2ms)[0m  [1m[34mSELECT "users".* FROM "users" WHERE "users"."id" = ? LIMIT ?[0m  [["id", 1], ["LIMIT", 1]]
  ↳ app/controllers/users_controller.rb:67:in `set_user'
  Rendering users/show.html.erb within layouts/application
  [1m[36mMicropost Load (0.4ms)[0m  [1m[34mSELECT "microposts".* FROM "microposts" WHERE "microposts"."user_id" = ? LIMIT ?[0m  [["user_id", 1], ["LIMIT", 11]]
  Rendered users/show.html.erb within layouts/application (Duration: 26.9ms | Allocations: 10834)
Completed 500 Internal Server Error in 44ms (ActiveRecord: 2.7ms | Allocations: 17713)


  
ActionView::Template::Error (undefined method `content' for #<Micropost::ActiveRecord_Associations_CollectionProxy:0x00007fe69a4237a8>
Did you mean?  connection):
    12: 
    13: <p>
    14:   <strong>Posts:</strong>
    15:   <%= @user.microposts.content %>
    16: </p>
    17: 
    18: <%= link_to 'Edit', edit_user_path(@user) %> |
  
app/views/users/show.html.erb:15
Started GET "/users/1" for ::1 at 2019-12-02 14:49:04 +0300
Processing by UsersController#show as HTML
  Parameters: {"id"=>"1"}
  [1m[36mUser Load (0.2ms)[0m  [1m[34mSELECT "users".* FROM "users" WHERE "users"."id" = ? LIMIT ?[0m  [["id", 1], ["LIMIT", 1]]
  ↳ app/controllers/users_controller.rb:67:in `set_user'
  Rendering users/show.html.erb within layouts/application
  Rendered users/show.html.erb within layouts/application (Duration: 1.0ms | Allocations: 328)
[Webpacker] Everything's up-to-date. Nothing to do
Completed 200 OK in 28ms (Views: 24.8ms | ActiveRecord: 0.2ms | Allocations: 8478)


  [1m[35m (0.4ms)[0m  [1m[34mSELECT sqlite_version(*)[0m
  [1m[36mUser Load (0.1ms)[0m  [1m[34mSELECT "users".* FROM "users" ORDER BY "users"."id" ASC LIMIT ?[0m  [["LIMIT", 1]]
  [1m[36mMicropost Load (0.1ms)[0m  [1m[34mSELECT "microposts".* FROM "microposts" WHERE "microposts"."user_id" = ? LIMIT ?[0m  [["user_id", 1], ["LIMIT", 11]]
  [1m[36mMicropost Load (0.2ms)[0m  [1m[34mSELECT "microposts".* FROM "microposts" WHERE "microposts"."user_id" = ? LIMIT ?[0m  [["user_id", 1], ["LIMIT", 11]]
  [1m[36mMicropost Load (0.2ms)[0m  [1m[34mSELECT "microposts".* FROM "microposts" WHERE "microposts"."user_id" = ?[0m  [["user_id", 1]]
Started GET "/users/1" for ::1 at 2019-12-02 14:53:31 +0300
  [1m[35m (0.9ms)[0m  [1m[34mSELECT sqlite_version(*)[0m
  [1m[35m (0.4ms)[0m  [1m[34mSELECT "schema_migrations"."version" FROM "schema_migrations" ORDER BY "schema_migrations"."version" ASC[0m
Processing by UsersController#show as HTML
  Parameters: {"id"=>"1"}
  [1m[36mUser Load (0.2ms)[0m  [1m[34mSELECT "users".* FROM "users" WHERE "users"."id" = ? LIMIT ?[0m  [["id", 1], ["LIMIT", 1]]
  ↳ app/controllers/users_controller.rb:67:in `set_user'
  Rendering users/show.html.erb within layouts/application
  [1m[36mMicropost Load (0.1ms)[0m  [1m[34mSELECT "microposts".* FROM "microposts" WHERE "microposts"."user_id" = ? ORDER BY "microposts"."id" ASC LIMIT ?[0m  [["user_id", 1], ["LIMIT", 1]]
  ↳ app/views/users/show.html.erb:15
  Rendered users/show.html.erb within layouts/application (Duration: 19.9ms | Allocations: 8431)
[Webpacker] Everything's up-to-date. Nothing to do
Completed 200 OK in 71ms (Views: 50.4ms | ActiveRecord: 2.9ms | Allocations: 23124)


Started GET "/users/" for ::1 at 2019-12-02 14:57:12 +0300
  [1m[35m (0.4ms)[0m  [1m[34mSELECT sqlite_version(*)[0m
  [1m[35m (0.1ms)[0m  [1m[34mSELECT "schema_migrations"."version" FROM "schema_migrations" ORDER BY "schema_migrations"."version" ASC[0m
Processing by UsersController#index as HTML
  Rendering users/index.html.erb within layouts/application
  [1m[36mUser Load (0.2ms)[0m  [1m[34mSELECT "users".* FROM "users"[0m
  ↳ app/views/users/index.html.erb:15
  Rendered users/index.html.erb within layouts/application (Duration: 8.6ms | Allocations: 4940)
[Webpacker] Everything's up-to-date. Nothing to do
Completed 200 OK in 57ms (Views: 43.9ms | ActiveRecord: 0.7ms | Allocations: 15684)


Started GET "/users/new" for ::1 at 2019-12-02 14:57:14 +0300
Processing by UsersController#new as HTML
  Rendering users/new.html.erb within layouts/application
  Rendered users/_form.html.erb (Duration: 9.1ms | Allocations: 2611)
  Rendered users/new.html.erb within layouts/application (Duration: 11.1ms | Allocations: 2964)
[Webpacker] Everything's up-to-date. Nothing to do
Completed 200 OK in 23ms (Views: 20.3ms | ActiveRecord: 0.0ms | Allocations: 7103)


Started POST "/users" for ::1 at 2019-12-02 14:57:25 +0300
Processing by UsersController#create as HTML
  Parameters: {"authenticity_token"=>"lJ6c4R+nrFIuiUlq7FqSRH5CnU6u743ZsY7iN/agjxVn9hN5RO8AX4NkUEsC89oToFn/R87XBa9g/cWBHNQe3w==", "user"=>{"name"=>"To undo git add before a commit:  Run git reset <file> or git reset to unstage all changes.  In older versions of git, the commands were git reset HEAD <file> and git reset HEAD respectively. This was changed in Git 1.8.2", "email"=>"doctorwho@timelord.co"}, "commit"=>"Create User"}
  [1m[35m (0.1ms)[0m  [1m[36mbegin transaction[0m
  ↳ app/controllers/users_controller.rb:30:in `block in create'
  [1m[36mUser Create (0.8ms)[0m  [1m[32mINSERT INTO "users" ("name", "email", "created_at", "updated_at") VALUES (?, ?, ?, ?)[0m  [["name", "To undo git add before a commit:  Run git reset <file> or git reset to unstage all changes.  In older versions of git, the commands were git reset HEAD <file> and git reset HEAD respectively. This was changed in Git 1.8.2"], ["email", "doctorwho@timelord.co"], ["created_at", "2019-12-02 11:57:25.126557"], ["updated_at", "2019-12-02 11:57:25.126557"]]
  ↳ app/controllers/users_controller.rb:30:in `block in create'
  [1m[35m (0.9ms)[0m  [1m[36mcommit transaction[0m
  ↳ app/controllers/users_controller.rb:30:in `block in create'
Redirected to http://localhost:3000/users/2
Completed 302 Found in 11ms (ActiveRecord: 1.8ms | Allocations: 2932)


Started GET "/users/2" for ::1 at 2019-12-02 14:57:25 +0300
Processing by UsersController#show as HTML
  Parameters: {"id"=>"2"}
  [1m[36mUser Load (0.4ms)[0m  [1m[34mSELECT "users".* FROM "users" WHERE "users"."id" = ? LIMIT ?[0m  [["id", 2], ["LIMIT", 1]]
  ↳ app/controllers/users_controller.rb:67:in `set_user'
  Rendering users/show.html.erb within layouts/application
  [1m[36mMicropost Load (0.2ms)[0m  [1m[34mSELECT "microposts".* FROM "microposts" WHERE "microposts"."user_id" = ? ORDER BY "microposts"."id" ASC LIMIT ?[0m  [["user_id", 2], ["LIMIT", 1]]
  ↳ app/views/users/show.html.erb:15
  Rendered users/show.html.erb within layouts/application (Duration: 14.4ms | Allocations: 5913)
Completed 500 Internal Server Error in 22ms (ActiveRecord: 1.3ms | Allocations: 7445)


  
ActionView::Template::Error (undefined method `content' for nil:NilClass):
    12: 
    13: <p>
    14:   <strong>Posts:</strong>
    15:   <%= @user.microposts.first.content %>
    16: </p>
    17: 
    18: <%= link_to 'Edit', edit_user_path(@user) %> |
  
app/views/users/show.html.erb:15
Started POST "/users" for ::1 at 2019-12-02 14:58:02 +0300
Processing by UsersController#create as HTML
  Parameters: {"authenticity_token"=>"k07BU/ZO41RcmcdgmR1SFNdSr0jgIzzA3jLBJfvrglhAm0gB8O6DvSFnPbj7AzUMtZwdubCYAJzNxygyuqcwtQ==", "user"=>{"name"=>"", "email"=>"doctorwho@timelord.co"}, "commit"=>"Create User"}
  Rendering users/new.html.erb within layouts/application
  Rendered users/_form.html.erb (Duration: 3.0ms | Allocations: 895)
  Rendered users/new.html.erb within layouts/application (Duration: 3.5ms | Allocations: 982)
[Webpacker] Everything's up-to-date. Nothing to do
Completed 200 OK in 16ms (Views: 11.2ms | ActiveRecord: 0.0ms | Allocations: 5947)


Started POST "/users" for ::1 at 2019-12-02 14:58:06 +0300
Processing by UsersController#create as HTML
  Parameters: {"authenticity_token"=>"nCwvgcsulGv5bxB4H2pv6nHQKhBs/F9UPkon/3RmTORP+abTzY70goSR6qB9dAjyEx6Y4TxHYwgtv87oNSr+CQ==", "user"=>{"name"=>"", "email"=>""}, "commit"=>"Create User"}
  Rendering users/new.html.erb within layouts/application
  Rendered users/_form.html.erb (Duration: 2.0ms | Allocations: 1008)
  Rendered users/new.html.erb within layouts/application (Duration: 2.5ms | Allocations: 1095)
[Webpacker] Everything's up-to-date. Nothing to do
Completed 200 OK in 15ms (Views: 10.9ms | ActiveRecord: 0.0ms | Allocations: 6252)


